<?xml version="1.0" encoding="UTF-8"?>
<testng-results skipped="0" failed="0" ignored="0" total="1" passed="1">
  <reporter-output>
  </reporter-output>
  <suite name="Default suite" duration-ms="3932" started-at="2021-03-06T02:12:39 IST" finished-at="2021-03-06T02:12:43 IST">
    <groups>
    </groups>
    <test name="Default test" duration-ms="3932" started-at="2021-03-06T02:12:39 IST" finished-at="2021-03-06T02:12:43 IST">
      <class name="DataDriven.ExcelDriven">
        <test-method status="PASS" signature="addbook()[pri:0, instance:DataDriven.ExcelDriven@7494e528]" name="addbook" duration-ms="3898" started-at="2021-03-06T02:12:39 IST" finished-at="2021-03-06T02:12:43 IST">
          <reporter-output>
          </reporter-output>
        </test-method> <!-- addbook -->
      </class> <!-- DataDriven.ExcelDriven -->
    </test> <!-- Default test -->
  </suite> <!-- Default suite -->
</testng-results>
