<?xml version="1.0" encoding="UTF-8"?>
<testng-results skipped="0" failed="0" ignored="0" total="3" passed="3">
  <reporter-output>
  </reporter-output>
  <suite name="Default suite" duration-ms="3984" started-at="2021-03-09T00:26:49 IST" finished-at="2021-03-09T00:26:53 IST">
    <groups>
    </groups>
    <test name="Default test" duration-ms="3984" started-at="2021-03-09T00:26:49 IST" finished-at="2021-03-09T00:26:53 IST">
      <class name="demo.DynamicJson">
        <test-method status="PASS" signature="addbook(java.lang.String, java.lang.String)[pri:0, instance:demo.DynamicJson@130f889]" name="addbook" duration-ms="3629" started-at="2021-03-09T00:26:49 IST" data-provider="BooksData" finished-at="2021-03-09T00:26:53 IST">
          <params>
            <param index="0">
              <value>
                <![CDATA[ojfhgty]]>
              </value>
            </param>
            <param index="1">
              <value>
                <![CDATA[69h69]]>
              </value>
            </param>
          </params>
          <reporter-output>
          </reporter-output>
        </test-method> <!-- addbook -->
        <test-method status="PASS" signature="addbook(java.lang.String, java.lang.String)[pri:0, instance:demo.DynamicJson@130f889]" name="addbook" duration-ms="158" started-at="2021-03-09T00:26:53 IST" data-provider="BooksData" finished-at="2021-03-09T00:26:53 IST">
          <params>
            <param index="0">
              <value>
                <![CDATA[cwggwt]]>
              </value>
            </param>
            <param index="1">
              <value>
                <![CDATA[1gu236]]>
              </value>
            </param>
          </params>
          <reporter-output>
          </reporter-output>
        </test-method> <!-- addbook -->
        <test-method status="PASS" signature="addbook(java.lang.String, java.lang.String)[pri:0, instance:demo.DynamicJson@130f889]" name="addbook" duration-ms="146" started-at="2021-03-09T00:26:53 IST" data-provider="BooksData" finished-at="2021-03-09T00:26:53 IST">
          <params>
            <param index="0">
              <value>
                <![CDATA[knbvjag]]>
              </value>
            </param>
            <param index="1">
              <value>
                <![CDATA[15h478]]>
              </value>
            </param>
          </params>
          <reporter-output>
          </reporter-output>
        </test-method> <!-- addbook -->
      </class> <!-- demo.DynamicJson -->
    </test> <!-- Default test -->
  </suite> <!-- Default suite -->
</testng-results>
